<?xml version="1.0" encoding="UTF-8"?>
<testng-results total="1" passed="1" failed="0" skipped="0">
  <reporter-output>
    <line>
      <![CDATA[Application opened]]>
    </line>
  </reporter-output>
  <suite started-at="2024-03-05T11:29:18Z" name="Default suite" finished-at="2024-03-05T11:29:29Z" duration-ms="11257">
    <groups>
    </groups>
    <test started-at="2024-03-05T11:29:18Z" name="Default test" finished-at="2024-03-05T11:29:29Z" duration-ms="11257">
      <class name="com.hrms.testscript.TC_002">
        <test-method signature="tc002()[pri:0, instance:com.hrms.testscript.TC_002@332729ad]" started-at="2024-03-05T16:59:18Z" name="tc002" finished-at="2024-03-05T16:59:29Z" duration-ms="11248" status="PASS">
          <reporter-output>
            <line>
              <![CDATA[Application opened]]>
            </line>
          </reporter-output>
        </test-method> <!-- tc002 -->
      </class> <!-- com.hrms.testscript.TC_002 -->
    </test> <!-- Default test -->
  </suite> <!-- Default suite -->
</testng-results>
